<?xml version="1.0" encoding="UTF-8"?>
<!-- Generated by org.testng.reporters.JUnitReportReporter -->
<testsuite skipped="0" hostname="BDC4-D-5S40RG2" name="Day1.Cookies" tests="1" failures="0" timestamp="19 Sep 2018 05:03:05 GMT" time="15.129" errors="0">
  <testcase name="testcase" time="15.129" classname="Day1.Cookies"/>
</testsuite> <!-- Day1.Cookies -->
