<?xml version="1.0" encoding="UTF-8"?>
<!-- Generated by org.testng.reporters.JUnitReportReporter -->
<testsuite skipped="0" hostname="BDC4-D-5S40RG2" name="Day1.CloseMultipleTabs" tests="1" failures="0" timestamp="18 Sep 2018 07:19:23 GMT" time="17.800" errors="0">
  <testcase name="testcase" time="17.800" classname="Day1.CloseMultipleTabs"/>
</testsuite> <!-- Day1.CloseMultipleTabs -->
