<?xml version="1.0" encoding="UTF-8"?>
<!-- Generated by org.testng.reporters.JUnitReportReporter -->
<testsuite skipped="0" hostname="BDC4-D-5S40RG2" name="Day1.KeyEventWithActions" tests="1" failures="0" timestamp="18 Sep 2018 10:42:48 GMT" time="22.970" errors="0">
  <testcase name="testcase" time="22.970" classname="Day1.KeyEventWithActions"/>
</testsuite> <!-- Day1.KeyEventWithActions -->
