<?xml version="1.0" encoding="UTF-8"?>
<!-- Generated by org.testng.reporters.JUnitReportReporter -->
<testsuite skipped="0" hostname="BDC4-D-5S40RG2" name="Day1.AlertClass" tests="1" failures="0" timestamp="18 Sep 2018 05:06:46 GMT" time="39.924" errors="0">
  <testcase name="testcase" time="39.924" classname="Day1.AlertClass"/>
</testsuite> <!-- Day1.AlertClass -->
