<?xml version="1.0" encoding="UTF-8"?>
<!-- Generated by org.testng.reporters.JUnitReportReporter -->
<testsuite skipped="0" hostname="BDC4-D-5S40RG2" name="Day1.InputToBrowser" tests="1" failures="0" timestamp="17 Sep 2018 11:11:27 GMT" time="27.597" errors="0">
  <testcase name="test" time="27.597" classname="Day1.InputToBrowser"/>
</testsuite> <!-- Day1.InputToBrowser -->
