<?xml version="1.0" encoding="UTF-8"?>
<!-- Generated by org.testng.reporters.JUnitReportReporter -->
<testsuite skipped="0" hostname="BDC4-D-5S40RG2" name="Day1.Basic_annodations" tests="1" failures="0" timestamp="17 Sep 2018 09:21:19 GMT" time="16.834" errors="0">
  <testcase name="testcase1" time="16.834" classname="Day1.Basic_annodations"/>
</testsuite> <!-- Day1.Basic_annodations -->
