<?xml version="1.0" encoding="UTF-8"?>
<!-- Generated by org.testng.reporters.JUnitReportReporter -->
<testsuite skipped="0" hostname="BDC4-D-5S40RG2" name="Day1.DataDriven" tests="2" failures="0" timestamp="17 Sep 2018 09:21:19 GMT" time="0.003" errors="0">
  <testcase name="testcase" time="0.001" classname="Day1.DataDriven"/>
  <testcase name="testcase" time="0.002" classname="Day1.DataDriven"/>
</testsuite> <!-- Day1.DataDriven -->
