<?xml version="1.0" encoding="UTF-8"?>
<!-- Generated by org.testng.reporters.JUnitReportReporter -->
<testsuite skipped="0" hostname="BDC4-D-5S40RG2" name="Day1.MouseOverExp" tests="1" failures="0" timestamp="18 Sep 2018 09:29:51 GMT" time="29.344" errors="0">
  <testcase name="testcase" time="29.344" classname="Day1.MouseOverExp"/>
</testsuite> <!-- Day1.MouseOverExp -->
