<?xml version="1.0" encoding="UTF-8"?>
<!-- Generated by org.testng.reporters.JUnitReportReporter -->
<testsuite skipped="0" hostname="BDC4-D-5S40RG2" name="Day1.Example2_testNG" tests="2" failures="0" timestamp="17 Sep 2018 09:21:19 GMT" time="0.003" errors="0">
  <testcase name="testcase1" time="0.002" classname="Day1.Example2_testNG"/>
  <testcase name="testcase2" time="0.001" classname="Day1.Example2_testNG"/>
</testsuite> <!-- Day1.Example2_testNG -->
