<?xml version="1.0" encoding="UTF-8"?>
<!-- Generated by org.testng.reporters.JUnitReportReporter -->
<testsuite skipped="0" hostname="BDC4-D-5S40RG2" name="Day1.TabsWindows" tests="1" failures="0" timestamp="18 Sep 2018 07:05:20 GMT" time="34.074" errors="0">
  <testcase name="testcase" time="34.074" classname="Day1.TabsWindows"/>
</testsuite> <!-- Day1.TabsWindows -->
