<?xml version="1.0" encoding="UTF-8"?>
<!-- Generated by org.testng.reporters.JUnitReportReporter -->
<testsuite skipped="0" hostname="BDC4-D-5S40RG2" name="Day1.UploadFile" tests="1" failures="0" timestamp="19 Sep 2018 04:27:53 GMT" time="31.046" errors="0">
  <testcase name="testcase" time="31.046" classname="Day1.UploadFile"/>
</testsuite> <!-- Day1.UploadFile -->
