<?xml version="1.0" encoding="UTF-8"?>
<!-- Generated by org.testng.reporters.JUnitReportReporter -->
<testsuite skipped="0" hostname="BDC4-D-5S40RG2" name="Day1.DragDrop" tests="1" failures="0" timestamp="18 Sep 2018 11:20:37 GMT" time="20.041" errors="0">
  <testcase name="testcase" time="20.041" classname="Day1.DragDrop"/>
</testsuite> <!-- Day1.DragDrop -->
